\BOOKMARK [0][-]{chapter*.2}{Abstract}{}% 1
\BOOKMARK [0][-]{Item.2}{List of Figures}{}% 2
\BOOKMARK [0][-]{Item.2}{List of Tables}{}% 3
\BOOKMARK [0][-]{chapter*.3}{List of Abbreviations}{}% 4
\BOOKMARK [0][-]{chapter.1}{Introduction}{}% 5
\BOOKMARK [1][-]{section.1.1}{Brief Description}{chapter.1}% 6
\BOOKMARK [1][-]{section.1.2}{Problem Statement}{chapter.1}% 7
\BOOKMARK [1][-]{section.1.3}{Objectives of the Project}{chapter.1}% 8
\BOOKMARK [1][-]{section.1.4}{Scope of the Project}{chapter.1}% 9
\BOOKMARK [0][-]{chapter.2}{Literature Survey}{}% 10
\BOOKMARK [1][-]{section.2.1}{Literature Survey}{chapter.2}% 11
\BOOKMARK [0][-]{chapter.3}{Design Details}{}% 12
\BOOKMARK [1][-]{section.3.1}{Requirements Analysis}{chapter.3}% 13
\BOOKMARK [2][-]{subsection.3.1.1}{Project Requirements:}{section.3.1}% 14
\BOOKMARK [2][-]{subsection.3.1.2}{Problem Description:}{section.3.1}% 15
\BOOKMARK [2][-]{subsection.3.1.3}{Solution Description:}{section.3.1}% 16
\BOOKMARK [2][-]{subsection.3.1.4}{Project Outcome:}{section.3.1}% 17
\BOOKMARK [1][-]{section.3.2}{SRS}{chapter.3}% 18
\BOOKMARK [2][-]{subsection.3.2.1}{Necessary Functions:}{section.3.2}% 19
\BOOKMARK [2][-]{subsection.3.2.2}{Desirable Functions:}{section.3.2}% 20
\BOOKMARK [2][-]{subsection.3.2.3}{Interface Requirements:}{section.3.2}% 21
\BOOKMARK [2][-]{subsection.3.2.4}{System Features:}{section.3.2}% 22
\BOOKMARK [1][-]{section.3.3}{Design Phase :}{chapter.3}% 23
\BOOKMARK [2][-]{subsection.3.3.1}{Architecture Block Diagram}{section.3.3}% 24
\BOOKMARK [2][-]{subsection.3.3.2}{Structural Diagrams}{section.3.3}% 25
\BOOKMARK [2][-]{subsection.3.3.3}{Behavioural Diagrams}{section.3.3}% 26
\BOOKMARK [2][-]{subsection.3.3.4}{Entity Relationship Diagram}{section.3.3}% 27
\BOOKMARK [1][-]{section.3.4}{Planning Phase :}{chapter.3}% 28
\BOOKMARK [2][-]{subsection.3.4.1}{Software and Hardware Requirements:}{section.3.4}% 29
\BOOKMARK [2][-]{subsection.3.4.2}{Major milestones and deadlines:}{section.3.4}% 30
\BOOKMARK [2][-]{subsection.3.4.3}{Structure of the database: }{section.3.4}% 31
\BOOKMARK [1][-]{section.3.5}{Prototyping:}{chapter.3}% 32
\BOOKMARK [0][-]{chapter.4}{Conclusion}{}% 33
\BOOKMARK [0][-]{chapter.4}{References}{}% 34
\BOOKMARK [0][-]{chapter.5}{References}{}% 35
\BOOKMARK [0][-]{Item.46}{Annexure - A}{}% 36
\BOOKMARK [0][-]{chapter.6}{Annexure - A}{}% 37
\BOOKMARK [0][-]{chapter.6}{Annexure - B}{}% 38
\BOOKMARK [0][-]{chapter.7}{Annexure - B}{}% 39
\BOOKMARK [0][-]{chapter.7}{Annexure - C}{}% 40
\BOOKMARK [0][-]{chapter.8}{Annexure - C}{}% 41
